{
  "stats": {
    "suites": 1,
    "tests": 2,
    "passes": 2,
    "pending": 0,
    "failures": 0,
    "start": "2023-04-30T09:31:26.729Z",
    "end": "2023-04-30T09:31:32.772Z",
    "duration": 6043,
    "testsRegistered": 2,
    "passPercent": 100,
    "pendingPercent": 0,
    "other": 0,
    "hasOther": false,
    "skipped": 0,
    "hasSkipped": false
  },
  "results": [
    {
      "uuid": "dbe553d4-fdac-45bf-a478-779f8c9485d8",
      "title": "",
      "fullFile": "C:\\personalProjects\\zk-distributed-lock\\src\\__test__\\zklock.spec.unit.ts",
      "file": "\\src\\__test__\\zklock.spec.unit.ts",
      "beforeHooks": [],
      "afterHooks": [],
      "tests": [],
      "suites": [
        {
          "uuid": "31fe642c-c3e0-4dce-aed9-0843cc372e9e",
          "title": "myClass",
          "fullFile": "C:\\personalProjects\\zk-distributed-lock\\src\\__test__\\zklock.spec.unit.ts",
          "file": "\\src\\__test__\\zklock.spec.unit.ts",
          "beforeHooks": [],
          "afterHooks": [],
          "tests": [
            {
              "title": "should do some task after acquiring the lock",
              "fullTitle": "myClass should do some task after acquiring the lock",
              "timedOut": false,
              "duration": 3023,
              "state": "passed",
              "speed": "slow",
              "pass": true,
              "fail": false,
              "pending": false,
              "context": null,
              "code": "cov_20novkjw7q().f[10]++;cov_20novkjw7q().s[20]++;return __awaiter(this,void 0,void 0,function*(){cov_20novkjw7q().f[11]++;const myclass=(cov_20novkjw7q().s[21]++,new ClientClass_1.MyClass(\"localhost:2182\"));const result=(cov_20novkjw7q().s[22]++,yield myclass.acquireLockAndDoWork());cov_20novkjw7q().s[23]++;yield delay(3000);cov_20novkjw7q().s[24]++;(0,chai_1.expect)(result).equal(\"task done\");cov_20novkjw7q().s[25]++;(0,chai_1.expect)(myclass.response).equal(\"Lock released\");});",
              "err": {},
              "uuid": "0342040c-b651-4234-9fbe-a6fc48a4825f",
              "parentUUID": "31fe642c-c3e0-4dce-aed9-0843cc372e9e",
              "isHook": false,
              "skipped": false
            },
            {
              "title": "should create 2 instance of app and only one instance should do some task after acquiring the lock",
              "fullTitle": "myClass should create 2 instance of app and only one instance should do some task after acquiring the lock",
              "timedOut": false,
              "duration": 3006,
              "state": "passed",
              "speed": "slow",
              "pass": true,
              "fail": false,
              "pending": false,
              "context": null,
              "code": "cov_20novkjw7q().f[12]++;cov_20novkjw7q().s[27]++;return __awaiter(this,void 0,void 0,function*(){cov_20novkjw7q().f[13]++;const myclass1=(cov_20novkjw7q().s[28]++,new ClientClass_1.MyClass(\"localhost:2182\"));const myclass2=(cov_20novkjw7q().s[29]++,new ClientClass_1.MyClass(\"localhost:2182\"));const promises=(cov_20novkjw7q().s[30]++,[]);cov_20novkjw7q().s[31]++;promises.push(myclass1.acquireLockAndDoWork());cov_20novkjw7q().s[32]++;promises.push(myclass2.acquireLockAndDoWork());cov_20novkjw7q().s[33]++;yield Promise.all(promises);cov_20novkjw7q().s[34]++;yield delay(3000);cov_20novkjw7q().s[35]++;if((cov_20novkjw7q().b[6][0]++,myclass1.response===\"Lock released\")&&(cov_20novkjw7q().b[6][1]++,myclass2.response===\"initial\")||(cov_20novkjw7q().b[6][2]++,myclass2.response===\"Lock released\")&&(cov_20novkjw7q().b[6][3]++,myclass1.response===\"initial\")){cov_20novkjw7q().b[5][0]++;cov_20novkjw7q().s[36]++;(0,chai_1.expect)(true).equal(true);}else{cov_20novkjw7q().b[5][1]++;cov_20novkjw7q().s[37]++;(0,chai_1.expect)(true).equal(false);}});",
              "err": {},
              "uuid": "e0e38319-24de-4009-97ad-cb3a940c9a89",
              "parentUUID": "31fe642c-c3e0-4dce-aed9-0843cc372e9e",
              "isHook": false,
              "skipped": false
            }
          ],
          "suites": [],
          "passes": [
            "0342040c-b651-4234-9fbe-a6fc48a4825f",
            "e0e38319-24de-4009-97ad-cb3a940c9a89"
          ],
          "failures": [],
          "pending": [],
          "skipped": [],
          "duration": 6029,
          "root": false,
          "rootEmpty": false,
          "_timeout": 5000
        }
      ],
      "passes": [],
      "failures": [],
      "pending": [],
      "skipped": [],
      "duration": 0,
      "root": true,
      "rootEmpty": true,
      "_timeout": 2000
    }
  ],
  "meta": {
    "mocha": {
      "version": "10.2.0"
    },
    "mochawesome": {
      "options": {
        "quiet": false,
        "reportFilename": "mochawesome",
        "saveHtml": true,
        "saveJson": true,
        "consoleReporter": "spec",
        "useInlineDiffs": false,
        "code": true
      },
      "version": "7.1.3"
    },
    "marge": {
      "options": null,
      "version": "6.2.0"
    }
  }
}