TN:
SF:src\logger.ts
FNF:0
FNH:0
DA:1,1
DA:2,1
LF:2
LH:2
BRF:0
BRH:0
end_of_record
TN:
SF:src\zklock.ts
FN:15,(anonymous_13)
FN:27,(anonymous_14)
FN:28,(anonymous_16)
FN:35,(anonymous_17)
FN:41,(anonymous_19)
FN:56,(anonymous_20)
FN:60,(anonymous_21)
FN:74,(anonymous_22)
FN:79,(anonymous_23)
FN:83,(anonymous_24)
FNF:10
FNH:8
FNDA:3,(anonymous_13)
FNDA:3,(anonymous_14)
FNDA:3,(anonymous_16)
FNDA:3,(anonymous_17)
FNDA:3,(anonymous_19)
FNDA:2,(anonymous_20)
FNDA:2,(anonymous_21)
FNDA:0,(anonymous_22)
FNDA:15,(anonymous_23)
FNDA:0,(anonymous_24)
DA:2,1
DA:3,1
DA:9,1
DA:20,3
DA:21,3
DA:22,3
DA:23,3
DA:24,3
DA:28,3
DA:29,3
DA:32,3
DA:36,3
DA:37,3
DA:42,3
DA:43,1
DA:46,1
DA:47,1
DA:49,2
DA:51,2
DA:60,2
DA:61,2
DA:62,0
DA:66,0
DA:67,0
DA:69,2
DA:70,2
DA:75,0
DA:76,0
DA:80,15
DA:84,0
LF:30
LH:24
BRDA:23,0,0,0
BRDA:23,0,1,3
BRDA:23,1,0,3
BRDA:23,1,1,0
BRDA:42,2,0,1
BRDA:42,2,1,2
BRDA:61,3,0,0
BRDA:61,3,1,2
BRF:8
BRH:5
end_of_record
TN:
SF:src\__test__\zklock.spec.unit.ts
FN:4,delay
FN:5,(anonymous_8)
FN:8,test
FN:11,(anonymous_10)
FN:11,(anonymous_11)
FN:19,(anonymous_12)
FN:19,(anonymous_13)
FNF:7
FNH:7
FNDA:2,delay
FNDA:2,(anonymous_8)
FNDA:1,test
FNDA:1,(anonymous_10)
FNDA:1,(anonymous_11)
FNDA:1,(anonymous_12)
FNDA:1,(anonymous_13)
DA:2,1
DA:3,1
DA:5,2
DA:8,1
DA:9,1
DA:11,1
DA:12,1
DA:13,1
DA:14,1
DA:15,1
DA:16,1
DA:19,1
DA:20,1
DA:21,1
DA:22,1
DA:23,1
DA:24,1
DA:25,1
DA:26,1
DA:27,1
DA:29,1
DA:32,0
LF:22
LH:21
BRDA:27,0,0,1
BRDA:27,0,1,0
BRDA:27,1,0,1
BRDA:27,1,1,0
BRDA:27,1,2,1
BRDA:27,1,3,1
BRF:6
BRH:4
end_of_record
TN:
SF:src\__test__\helper\ClientClass.ts
FN:10,(anonymous_7)
FN:12,(anonymous_8)
FN:16,(anonymous_9)
FN:20,(anonymous_10)
FN:24,(anonymous_11)
FN:28,(anonymous_12)
FN:33,(anonymous_13)
FN:34,(anonymous_15)
FN:44,(anonymous_16)
FNF:9
FNH:5
FNDA:3,(anonymous_7)
FNDA:3,(anonymous_8)
FNDA:0,(anonymous_9)
FNDA:0,(anonymous_10)
FNDA:0,(anonymous_11)
FNDA:0,(anonymous_12)
FNDA:3,(anonymous_13)
FNDA:3,(anonymous_15)
FNDA:2,(anonymous_16)
DA:3,1
DA:4,1
DA:6,1
DA:8,3
DA:9,3
DA:11,3
DA:12,3
DA:13,3
DA:16,3
DA:17,0
DA:20,3
DA:21,0
DA:24,3
DA:25,0
DA:28,3
DA:29,0
DA:34,3
DA:35,3
DA:36,1
DA:37,1
DA:40,2
DA:41,2
DA:44,2
DA:45,2
DA:46,0
DA:47,0
DA:49,2
DA:50,2
DA:52,2
DA:55,2
DA:57,3
LF:31
LH:25
BRDA:35,0,0,1
BRDA:35,0,1,2
BRDA:45,1,0,0
BRDA:45,1,1,2
BRF:4
BRH:3
end_of_record
